<?xml version="1.0" encoding="UTF-8"?>
<!-- Generated by org.testng.reporters.JUnitReportReporter -->
<testsuite skipped="0" hostname="DESKTOP-TDJ6NPK" name="com.responseValidationtestscripts.ValidateStaticresponse" tests="1" failures="0" timestamp="2021-11-11T15:37:59 IST" time="8.462" errors="0">
  <testcase name="validateStaticresponseTest" time="8.462" classname="com.responseValidationtestscripts.ValidateStaticresponse"/>
  <system-out/>
</testsuite> <!-- com.responseValidationtestscripts.ValidateStaticresponse -->
