<?xml version="1.0" encoding="UTF-8"?>
<!-- Generated by org.testng.reporters.JUnitReportReporter -->
<testsuite skipped="0" hostname="DESKTOP-TDJ6NPK" name="com.crudoperationwithBDDFeature.CreateProject" tests="1" failures="0" timestamp="2021-11-11T11:51:10 IST" time="6.964" errors="0">
  <testcase name="createProjectTest" time="6.964" classname="com.crudoperationwithBDDFeature.CreateProject"/>
  <system-out/>
</testsuite> <!-- com.crudoperationwithBDDFeature.CreateProject -->
