<?xml version="1.0" encoding="UTF-8"?>
<!-- Generated by org.testng.reporters.JUnitReportReporter -->
<testsuite skipped="0" hostname="DESKTOP-TDJ6NPK" name="com.crudoperationwithoutBdd.CompleteUpdatePut" tests="1" failures="0" timestamp="2021-11-10T18:10:37 IST" time="16.299" errors="0">
  <testcase name="completeUpdatePutTest" time="16.299" classname="com.crudoperationwithoutBdd.CompleteUpdatePut"/>
  <system-out/>
</testsuite> <!-- com.crudoperationwithoutBdd.CompleteUpdatePut -->
