<?xml version="1.0" encoding="UTF-8"?>
<!-- Generated by org.testng.reporters.JUnitReportReporter -->
<testsuite skipped="0" hostname="DESKTOP-TDJ6NPK" name="com.crudoperationwithoutBdd.CreateAResource" tests="1" failures="0" timestamp="2021-11-10T17:50:16 IST" time="43.073" errors="0">
  <testcase name="createAResourceTest" time="43.073" classname="com.crudoperationwithoutBdd.CreateAResource"/>
  <system-out/>
</testsuite> <!-- com.crudoperationwithoutBdd.CreateAResource -->
