<?xml version="1.0" encoding="UTF-8"?>
<!-- Generated by org.testng.reporters.JUnitReportReporter -->
<testsuite skipped="0" hostname="DESKTOP-TDJ6NPK" name="com.parametersTestscripts.PathParameters" tests="1" failures="0" timestamp="2021-11-11T16:53:48 IST" time="5.684" errors="0">
  <testcase name="pathParametersTest" time="5.684" classname="com.parametersTestscripts.PathParameters"/>
  <system-out/>
</testsuite> <!-- com.parametersTestscripts.PathParameters -->
