<?xml version="1.0" encoding="UTF-8"?>
<!-- Generated by org.testng.reporters.JUnitReportReporter -->
<testsuite skipped="0" hostname="DESKTOP-TDJ6NPK" name="com.chainingTestscripts.Chaining" tests="1" failures="0" timestamp="2021-11-11T17:46:21 IST" time="11.148" errors="0">
  <testcase name="chainingTest" time="11.148" classname="com.chainingTestscripts.Chaining"/>
  <system-out/>
</testsuite> <!-- com.chainingTestscripts.Chaining -->
