<?xml version="1.0" encoding="UTF-8"?>
<!-- Generated by org.testng.reporters.JUnitReportReporter -->
<testsuite skipped="0" hostname="DESKTOP-TDJ6NPK" name="com.diffWaysToPostARequest.CreateAProjectUsingJSONFile" tests="1" failures="0" timestamp="2021-11-11T13:05:12 IST" time="6.418" errors="0">
  <testcase name="create" time="6.418" classname="com.diffWaysToPostARequest.CreateAProjectUsingJSONFile"/>
  <system-out/>
</testsuite> <!-- com.diffWaysToPostARequest.CreateAProjectUsingJSONFile -->
