<?xml version="1.0" encoding="UTF-8"?>
<!-- Generated by org.testng.reporters.JUnitReportReporter -->
<testsuite skipped="0" hostname="DESKTOP-TDJ6NPK" name="com.parametersTestscripts.GithubParamPath_Query" tests="1" failures="0" timestamp="2021-11-11T17:13:13 IST" time="7.981" errors="0">
  <testcase name="githubParamPath_Query" time="7.981" classname="com.parametersTestscripts.GithubParamPath_Query"/>
  <system-out/>
</testsuite> <!-- com.parametersTestscripts.GithubParamPath_Query -->
