<?xml version="1.0" encoding="UTF-8"?>
<!-- Generated by org.testng.reporters.JUnitReportReporter -->
<testsuite skipped="0" hostname="DESKTOP-TDJ6NPK" name="com.parametersTestscripts.QueryParameter" tests="1" failures="0" timestamp="2021-11-11T17:04:26 IST" time="6.668" errors="0">
  <testcase name="queryParameterTest" time="6.668" classname="com.parametersTestscripts.QueryParameter"/>
  <system-out/>
</testsuite> <!-- com.parametersTestscripts.QueryParameter -->
