<?xml version="1.0" encoding="UTF-8"?>
<!-- Generated by org.testng.reporters.JUnitReportReporter -->
<testsuite skipped="0" hostname="DESKTOP-TDJ6NPK" name="com.crudoperationwithBDDFeature.DeleteProject" tests="1" failures="0" timestamp="2021-11-11T11:54:24 IST" time="5.800" errors="0">
  <testcase name="deleteProjectTest" time="5.800" classname="com.crudoperationwithBDDFeature.DeleteProject"/>
  <system-out/>
</testsuite> <!-- com.crudoperationwithBDDFeature.DeleteProject -->
