<?xml version="1.0" encoding="UTF-8"?>
<!-- Generated by org.testng.reporters.JUnitReportReporter -->
<testsuite skipped="0" hostname="DESKTOP-TDJ6NPK" name="com.crudoperationwithBDDFeature.PutUpdateProject" tests="1" failures="0" timestamp="2021-11-11T11:53:52 IST" time="6.896" errors="0">
  <testcase name="putUpdateProjectTest" time="6.896" classname="com.crudoperationwithBDDFeature.PutUpdateProject"/>
  <system-out/>
</testsuite> <!-- com.crudoperationwithBDDFeature.PutUpdateProject -->
