<?xml version="1.0" encoding="UTF-8"?>
<!-- Generated by org.testng.reporters.JUnitReportReporter -->
<testsuite skipped="0" hostname="DESKTOP-TDJ6NPK" name="com.crudoperationwithoutBdd.DeleteResponse" tests="1" failures="0" timestamp="2021-11-10T17:58:19 IST" time="31.583" errors="0">
  <testcase name="deleteResponseTest" time="31.583" classname="com.crudoperationwithoutBdd.DeleteResponse"/>
  <system-out/>
</testsuite> <!-- com.crudoperationwithoutBdd.DeleteResponse -->
