<?xml version="1.0" encoding="UTF-8"?>
<!-- Generated by org.testng.reporters.JUnitReportReporter -->
<testsuite skipped="0" hostname="DESKTOP-TDJ6NPK" name="com.authenticatiionTestSripts.BearerToken" tests="1" failures="0" timestamp="2021-11-11T17:57:37 IST" time="8.746" errors="0">
  <testcase name="barerTokenTest" time="8.746" classname="com.authenticatiionTestSripts.BearerToken"/>
  <system-out/>
</testsuite> <!-- com.authenticatiionTestSripts.BearerToken -->
