<?xml version="1.0" encoding="UTF-8"?>
<!-- Generated by org.testng.reporters.JUnitReportReporter -->
<testsuite skipped="0" hostname="DESKTOP-TDJ6NPK" name="com.crudoperationwithBDDFeature.GetAllProjects" tests="1" failures="0" timestamp="2021-11-11T11:53:23 IST" time="6.497" errors="0">
  <testcase name="getAllProjectsTest" time="6.497" classname="com.crudoperationwithBDDFeature.GetAllProjects"/>
  <system-out/>
</testsuite> <!-- com.crudoperationwithBDDFeature.GetAllProjects -->
