<?xml version="1.0" encoding="UTF-8"?>
<!-- Generated by org.testng.reporters.JUnitReportReporter -->
<testsuite skipped="0" hostname="DESKTOP-TDJ6NPK" name="com.crudoperationwithoutBdd.CreateProjectUsingPojoLibrary" tests="1" failures="0" timestamp="2021-11-11T12:54:13 IST" time="6.254" errors="0">
  <testcase name="createProjectUsingPojoLibraryTest" time="6.254" classname="com.crudoperationwithoutBdd.CreateProjectUsingPojoLibrary"/>
  <system-out/>
</testsuite> <!-- com.crudoperationwithoutBdd.CreateProjectUsingPojoLibrary -->
