<?xml version="1.0" encoding="UTF-8"?>
<!-- Generated by org.testng.reporters.JUnitReportReporter -->
<testsuite skipped="0" hostname="DESKTOP-TDJ6NPK" name="com.crudoperationwithoutBdd.GetAllProjects" tests="1" failures="0" timestamp="2021-11-10T17:39:02 IST" time="15.372" errors="0">
  <testcase name="getAllProjects" time="15.372" classname="com.crudoperationwithoutBdd.GetAllProjects"/>
  <system-out/>
</testsuite> <!-- com.crudoperationwithoutBdd.GetAllProjects -->
