<?xml version="1.0" encoding="UTF-8"?>
<!-- Generated by org.testng.reporters.JUnitReportReporter -->
<testsuite skipped="0" hostname="DESKTOP-TDJ6NPK" name="com.responseValidationtestscripts.ValidateDynamicResponse" tests="1" failures="0" timestamp="2021-11-11T16:43:27 IST" time="7.937" errors="0">
  <testcase name="validateDynamicResponseTest" time="7.937" classname="com.responseValidationtestscripts.ValidateDynamicResponse"/>
  <system-out/>
</testsuite> <!-- com.responseValidationtestscripts.ValidateDynamicResponse -->
