<?xml version="1.0" encoding="UTF-8"?>
<!-- Generated by org.testng.reporters.JUnitReportReporter -->
<testsuite skipped="0" hostname="DESKTOP-TDJ6NPK" name="com.crudoperationwithoutBddTestscripts.GetAllProjects" tests="1" failures="0" timestamp="2021-11-11T15:06:12 IST" time="6.375" errors="0">
  <testcase name="getAllProjects" time="6.375" classname="com.crudoperationwithoutBddTestscripts.GetAllProjects"/>
  <system-out/>
</testsuite> <!-- com.crudoperationwithoutBddTestscripts.GetAllProjects -->
