<?xml version="1.0" encoding="UTF-8"?>
<!-- Generated by org.testng.reporters.JUnitReportReporter -->
<testsuite skipped="0" hostname="DESKTOP-TDJ6NPK" name="com.diffWaysToPostARequestTestscripts.CreateProjectHashMapTest" tests="1" failures="0" timestamp="2021-11-11T22:30:38 IST" time="10.753" errors="0">
  <testcase name="create1" time="10.753" classname="com.diffWaysToPostARequestTestscripts.CreateProjectHashMapTest"/>
  <system-out/>
</testsuite> <!-- com.diffWaysToPostARequestTestscripts.CreateProjectHashMapTest -->
