<?xml version="1.0" encoding="UTF-8"?>
<!-- Generated by org.testng.reporters.JUnitReportReporter -->
<testsuite skipped="0" hostname="DESKTOP-TDJ6NPK" name="com.responseValidationtestscripts.ValidateDynamicResponseTest" tests="1" failures="0" timestamp="2021-11-11T22:32:41 IST" time="8.677" errors="0">
  <testcase name="validateDynamicResponseTest" time="8.677" classname="com.responseValidationtestscripts.ValidateDynamicResponseTest"/>
  <system-out/>
</testsuite> <!-- com.responseValidationtestscripts.ValidateDynamicResponseTest -->
