<?xml version="1.0" encoding="UTF-8"?>
<!-- Generated by org.testng.reporters.JUnitReportReporter -->
<testsuite skipped="0" hostname="DESKTOP-TDJ6NPK" name="com.authenticatiionTestSripts.BasicAuth" tests="1" failures="0" timestamp="2021-11-11T17:54:20 IST" time="8.027" errors="0">
  <testcase name="basicAuth" time="8.027" classname="com.authenticatiionTestSripts.BasicAuth"/>
  <system-out/>
</testsuite> <!-- com.authenticatiionTestSripts.BasicAuth -->
