<?xml version="1.0" encoding="UTF-8"?>
<!-- Generated by org.testng.reporters.JUnitReportReporter -->
<testsuite skipped="0" hostname="DESKTOP-TDJ6NPK" name="com.responseValidationtestscripts.SamePostRequestMultipleDataProviderTest" tests="2" failures="0" timestamp="2021-11-11T23:08:22 IST" time="6.412" errors="0">
  <testcase name="samePostRequestMultipleDataProviderTest" time="0.188" classname="com.responseValidationtestscripts.SamePostRequestMultipleDataProviderTest"/>
  <system-out/>
  <testcase name="samePostRequestMultipleDataProviderTest" time="6.224" classname="com.responseValidationtestscripts.SamePostRequestMultipleDataProviderTest"/>
  <system-out/>
</testsuite> <!-- com.responseValidationtestscripts.SamePostRequestMultipleDataProviderTest -->
